Using pre-set license
Built from '2021.3/staging' branch; Version is '2021.3.9f1 (ad3870b89536) revision 11352176'; Using compiler version '192829333'; Build Type 'Release'
OS: 'Windows 11  (10.0.22000) 64bit Professional' Language: 'en' Physical Memory: 16255 MB
BatchMode: 1, IsHumanControllingUs: 0, StartBugReporterOnCrash: 0, Is64bit: 1, IsPro: 1

COMMAND LINE ARGUMENTS:
F:\Program Files\UnityEditors\2021.3.9f1\Editor\Unity.exe
-adb2
-batchMode
-noUpm
-name
AssetImportWorker0
-projectPath
D:/UnityProjects/Udemy Tower Defence
-logFile
Logs/AssetImportWorker0.log
-srvPort
65224
Successfully changed project path to: D:/UnityProjects/Udemy Tower Defence
D:/UnityProjects/Udemy Tower Defence
[UnityMemory] Configuration Parameters - Can be set up in boot.config
    "memorysetup-bucket-allocator-granularity=16"
    "memorysetup-bucket-allocator-bucket-count=8"
    "memorysetup-bucket-allocator-block-size=33554432"
    "memorysetup-bucket-allocator-block-count=8"
    "memorysetup-main-allocator-block-size=16777216"
    "memorysetup-thread-allocator-block-size=16777216"
    "memorysetup-gfx-main-allocator-block-size=16777216"
    "memorysetup-gfx-thread-allocator-block-size=16777216"
    "memorysetup-cache-allocator-block-size=4194304"
    "memorysetup-typetree-allocator-block-size=2097152"
    "memorysetup-profiler-bucket-allocator-granularity=16"
    "memorysetup-profiler-bucket-allocator-bucket-count=8"
    "memorysetup-profiler-bucket-allocator-block-size=33554432"
    "memorysetup-profiler-bucket-allocator-block-count=8"
    "memorysetup-profiler-allocator-block-size=16777216"
    "memorysetup-profiler-editor-allocator-block-size=1048576"
    "memorysetup-temp-allocator-size-main=16777216"
    "memorysetup-job-temp-allocator-block-size=2097152"
    "memorysetup-job-temp-allocator-block-size-background=1048576"
    "memorysetup-job-temp-allocator-reduction-small-platforms=262144"
    "memorysetup-temp-allocator-size-background-worker=32768"
    "memorysetup-temp-allocator-size-job-worker=262144"
    "memorysetup-temp-allocator-size-preload-manager=33554432"
    "memorysetup-temp-allocator-size-nav-mesh-worker=65536"
    "memorysetup-temp-allocator-size-audio-worker=65536"
    "memorysetup-temp-allocator-size-cloud-worker=32768"
    "memorysetup-temp-allocator-size-gi-baking-worker=262144"
    "memorysetup-temp-allocator-size-gfx=262144"
Refreshing native plugins compatible for Editor in 25.78 ms, found 2 plugins.
Preloading 0 native plugins for Editor in 0.00 ms.
Initialize engine version: 2021.3.9f1 (ad3870b89536)
[Subsystems] Discovering subsystems at path F:/Program Files/UnityEditors/2021.3.9f1/Editor/Data/Resources/UnitySubsystems
[Subsystems] Discovering subsystems at path D:/UnityProjects/Udemy Tower Defence/Assets
GfxDevice: creating device client; threaded=0; jobified=0
Direct3D:
    Version:  Direct3D 11.0 [level 11.1]
    Renderer: NVIDIA GeForce RTX 3070 (ID=0x2484)
    Vendor:   NVIDIA
    VRAM:     8043 MB
    Driver:   31.0.15.1640
Initialize mono
Mono path[0] = 'F:/Program Files/UnityEditors/2021.3.9f1/Editor/Data/Managed'
Mono path[1] = 'F:/Program Files/UnityEditors/2021.3.9f1/Editor/Data/MonoBleedingEdge/lib/mono/unityjit-win32'
Mono config path = 'F:/Program Files/UnityEditors/2021.3.9f1/Editor/Data/MonoBleedingEdge/etc'
Using monoOptions --debugger-agent=transport=dt_socket,embedding=1,server=y,suspend=n,address=127.0.0.1:56956
Begin MonoManager ReloadAssembly
Registering precompiled unity dll's ...
Register platform support module: F:/Program Files/UnityEditors/2021.3.9f1/Editor/Data/PlaybackEngines/WebGLSupport/UnityEditor.WebGL.Extensions.dll
Register platform support module: F:/Program Files/UnityEditors/2021.3.9f1/Editor/Data/PlaybackEngines/MacStandaloneSupport/UnityEditor.OSXStandalone.Extensions.dll
Register platform support module: F:/Program Files/UnityEditors/2021.3.9f1/Editor/Data/PlaybackEngines/AndroidPlayer/UnityEditor.Android.Extensions.dll
Register platform support module: F:/Program Files/UnityEditors/2021.3.9f1/Editor/Data/PlaybackEngines/WindowsStandaloneSupport/UnityEditor.WindowsStandalone.Extensions.dll
Register platform support module: F:/Program Files/UnityEditors/2021.3.9f1/Editor/Data/PlaybackEngines/LinuxStandaloneSupport/UnityEditor.LinuxStandalone.Extensions.dll
Register platform support module: F:/Program Files/UnityEditors/2021.3.9f1/Editor/Data/PlaybackEngines/MetroSupport/UnityEditor.UWP.Extensions.dll
Registered in 0.025396 seconds.
Native extension for UWP target not found
Native extension for LinuxStandalone target not found
Native extension for WindowsStandalone target not found
Native extension for Android target not found
Native extension for OSXStandalone target not found
Native extension for WebGL target not found
Refreshing native plugins compatible for Editor in 22.05 ms, found 2 plugins.
Preloading 0 native plugins for Editor in 0.00 ms.
Mono: successfully reloaded assembly
- Completed reload, in  0.702 seconds
Domain Reload Profiling:
	ReloadAssembly (703ms)
		BeginReloadAssembly (120ms)
			ExecutionOrderSort (0ms)
			DisableScriptedObjects (0ms)
			BackupInstance (0ms)
			ReleaseScriptingObjects (0ms)
			CreateAndSetChildDomain (1ms)
		EndReloadAssembly (423ms)
			LoadAssemblies (110ms)
			RebuildTransferFunctionScriptingTraits (0ms)
			SetupTypeCache (100ms)
			ReleaseScriptCaches (0ms)
			RebuildScriptCaches (30ms)
			SetupLoadedEditorAssemblies (220ms)
				LogAssemblyErrors (0ms)
				InitializePlatformSupportModulesInManaged (55ms)
				SetLoadedEditorAssemblies (0ms)
				RefreshPlugins (22ms)
				BeforeProcessingInitializeOnLoad (1ms)
				ProcessInitializeOnLoadAttributes (101ms)
				ProcessInitializeOnLoadMethodAttributes (40ms)
				AfterProcessingInitializeOnLoad (0ms)
				EditorAssembliesLoaded (0ms)
			ExecutionOrderSort2 (0ms)
			AwakeInstancesAfterBackupRestoration (0ms)
Platform modules already initialized, skipping
Registering precompiled user dll's ...
Registered in 0.006883 seconds.
Begin MonoManager ReloadAssembly
Native extension for UWP target not found
Native extension for LinuxStandalone target not found
Native extension for WindowsStandalone target not found
Native extension for Android target not found
Native extension for OSXStandalone target not found
Native extension for WebGL target not found
Refreshing native plugins compatible for Editor in 0.29 ms, found 2 plugins.
Preloading 0 native plugins for Editor in 0.00 ms.
Mono: successfully reloaded assembly
- Completed reload, in  1.017 seconds
Domain Reload Profiling:
	ReloadAssembly (1018ms)
		BeginReloadAssembly (151ms)
			ExecutionOrderSort (0ms)
			DisableScriptedObjects (6ms)
			BackupInstance (0ms)
			ReleaseScriptingObjects (0ms)
			CreateAndSetChildDomain (16ms)
		EndReloadAssembly (729ms)
			LoadAssemblies (123ms)
			RebuildTransferFunctionScriptingTraits (0ms)
			SetupTypeCache (187ms)
			ReleaseScriptCaches (0ms)
			RebuildScriptCaches (36ms)
			SetupLoadedEditorAssemblies (363ms)
				LogAssemblyErrors (0ms)
				InitializePlatformSupportModulesInManaged (32ms)
				SetLoadedEditorAssemblies (0ms)
				RefreshPlugins (0ms)
				BeforeProcessingInitializeOnLoad (71ms)
				ProcessInitializeOnLoadAttributes (200ms)
				ProcessInitializeOnLoadMethodAttributes (25ms)
				AfterProcessingInitializeOnLoad (34ms)
				EditorAssembliesLoaded (0ms)
			ExecutionOrderSort2 (0ms)
			AwakeInstancesAfterBackupRestoration (8ms)
Platform modules already initialized, skipping
========================================================================
Worker process is ready to serve import requests
Launched and connected shader compiler UnityShaderCompiler.exe after 0.07 seconds
Refreshing native plugins compatible for Editor in 0.84 ms, found 2 plugins.
Preloading 0 native plugins for Editor in 0.00 ms.
Unloading 1537 Unused Serialized files (Serialized files now loaded: 0)
Unloading 20 unused Assets / (55.4 KB). Loaded Objects now: 2003.
Memory consumption went from 71.1 MB to 71.1 MB.
Total: 2.450100 ms (FindLiveObjects: 0.138100 ms CreateObjectMapping: 0.074600 ms MarkObjects: 2.173400 ms  DeleteObjects: 0.063100 ms)

AssetImportParameters requested are different than current active one (requested -> active):
  custom:video-decoder-ogg-theora: a1e56fd34408186e4bbccfd4996cb3dc -> 
  custom:container-muxer-webm: aa71ff27fc2769a1b78a27578f13a17b -> 
  custom:container-demuxer-webm: 4f35f7cbe854078d1ac9338744f61a02 -> 
  custom:video-encoder-webm-vp8: eb34c28f22e8b96e1ab97ce403110664 -> 
  custom:audio-encoder-webm-vorbis: bf7c407c2cedff20999df2af8eb42d56 -> 
  custom:framework-win-MediaFoundation: 216162199b28c13a410421893ffa2e32 -> 
  custom:container-demuxer-ogg: 62fdf1f143b41e24485cea50d1cbac27 -> 
  custom:video-decoder-webm-vp8: 9c59270c3fd7afecdb556c50c9e8de78 -> 
  custom:audio-decoder-ogg-vorbis: bf7c407c2cedff20999df2af8eb42d56 -> 
========================================================================
Received Import Request.
  Time since last request: 210372.347843 seconds.
  path: Assets/Scenes
  artifactKey: Guid(6ea315d0fd7389c41b19996891e99ae3) Importer(815301076,1909f56bfc062723c751e8b465ee728b)
Start importing Assets/Scenes using Guid(6ea315d0fd7389c41b19996891e99ae3) Importer(815301076,1909f56bfc062723c751e8b465ee728b)  -> (artifact id: 'b8193726cff86800c54781cdc6d54904') in 0.007325 seconds 
========================================================================
Received Import Request.
  Time since last request: 0.000015 seconds.
  path: Assets/Scenes/Test 1.unity
  artifactKey: Guid(3fd1d622052dd6b43ae192418c1787aa) Importer(815301076,1909f56bfc062723c751e8b465ee728b)
Start importing Assets/Scenes/Test 1.unity using Guid(3fd1d622052dd6b43ae192418c1787aa) Importer(815301076,1909f56bfc062723c751e8b465ee728b)  -> (artifact id: 'b37f91f401650f9c4fc565416d6dc94e') in 0.005077 seconds 
========================================================================
Received Import Request.
  Time since last request: 433.655088 seconds.
  path: Assets/Scenes/Main Menu.unity
  artifactKey: Guid(fadc48f67f48ba84abbb678b7b050276) Importer(815301076,1909f56bfc062723c751e8b465ee728b)
Start importing Assets/Scenes/Main Menu.unity using Guid(fadc48f67f48ba84abbb678b7b050276) Importer(815301076,1909f56bfc062723c751e8b465ee728b)  -> (artifact id: 'ead2bb4c83173162cf6fae228d391787') in 0.006651 seconds 
========================================================================
Received Import Request.
  Time since last request: 597.240354 seconds.
  path: Assets/Scripts/EnemyController.cs
  artifactKey: Guid(bdcd8bae15f1359448b9956729685aa6) Importer(815301076,1909f56bfc062723c751e8b465ee728b)
Start importing Assets/Scripts/EnemyController.cs using Guid(bdcd8bae15f1359448b9956729685aa6) Importer(815301076,1909f56bfc062723c751e8b465ee728b)  -> (artifact id: '39ef27f8ff423e62b6c313f392d2922a') in 0.051003 seconds 
========================================================================
Received Import Request.
  Time since last request: 35.850714 seconds.
  path: Assets/Scripts/Castle.cs
  artifactKey: Guid(c4c9eb298a292d34f810921f6f8773a4) Importer(815301076,1909f56bfc062723c751e8b465ee728b)
Start importing Assets/Scripts/Castle.cs using Guid(c4c9eb298a292d34f810921f6f8773a4) Importer(815301076,1909f56bfc062723c751e8b465ee728b)  -> (artifact id: '95e5ce4a72c47ff42f691ccbe3eaf711') in 0.005588 seconds 
========================================================================
Received Import Request.
  Time since last request: 2.439165 seconds.
  path: Assets/Scripts/LevelSelectController.cs
  artifactKey: Guid(73a35e1f41ac3a341a41b6e4cafc4534) Importer(815301076,1909f56bfc062723c751e8b465ee728b)
Start importing Assets/Scripts/LevelSelectController.cs using Guid(73a35e1f41ac3a341a41b6e4cafc4534) Importer(815301076,1909f56bfc062723c751e8b465ee728b)  -> (artifact id: 'ac632e8ab865a0b46c02a80a4fd0c9f6') in 0.007168 seconds 
========================================================================
Received Import Request.
  Time since last request: 776.549927 seconds.
  path: Assets/Scripts/AudioManager.cs
  artifactKey: Guid(4c82dc0389b7b6f468b1054b6a1edbb2) Importer(815301076,1909f56bfc062723c751e8b465ee728b)
Start importing Assets/Scripts/AudioManager.cs using Guid(4c82dc0389b7b6f468b1054b6a1edbb2) Importer(815301076,1909f56bfc062723c751e8b465ee728b)  -> (artifact id: 'f780653ac16acb735cd03a8e53218717') in 0.006437 seconds 
========================================================================
Received Import Request.
  Time since last request: 5.167511 seconds.
  path: Assets/Scripts/EnemyHealthController.cs
  artifactKey: Guid(661f2a71f68768c4ba6459c420de00ab) Importer(815301076,1909f56bfc062723c751e8b465ee728b)
Start importing Assets/Scripts/EnemyHealthController.cs using Guid(661f2a71f68768c4ba6459c420de00ab) Importer(815301076,1909f56bfc062723c751e8b465ee728b)  -> (artifact id: '1d19ba1e28aa09d95ca18a00c2b4cbe4') in 0.005399 seconds 
========================================================================
Received Import Request.
  Time since last request: 2.337576 seconds.
  path: Assets/Scripts/EnemyWaveSpawner.cs
  artifactKey: Guid(8220bbcb11f823a4b85d36b547fcc5c9) Importer(815301076,1909f56bfc062723c751e8b465ee728b)
Start importing Assets/Scripts/EnemyWaveSpawner.cs using Guid(8220bbcb11f823a4b85d36b547fcc5c9) Importer(815301076,1909f56bfc062723c751e8b465ee728b)  -> (artifact id: '4062b1239e430c8cb8db2b47eae71f1f') in 0.005612 seconds 
========================================================================
Received Import Request.
  Time since last request: 3.585343 seconds.
  path: Assets/Scripts/MoneyManager.cs
  artifactKey: Guid(dce5cb974f1e7b846a6e5c2e2766d1dd) Importer(815301076,1909f56bfc062723c751e8b465ee728b)
Start importing Assets/Scripts/MoneyManager.cs using Guid(dce5cb974f1e7b846a6e5c2e2766d1dd) Importer(815301076,1909f56bfc062723c751e8b465ee728b)  -> (artifact id: '1a202eb548f94438d5e767e3c1b9ea15') in 0.005026 seconds 
========================================================================
Received Import Request.
  Time since last request: 1.697385 seconds.
  path: Assets/Scripts/MainMenu.cs
  artifactKey: Guid(2325c0e079914b54ca78ad79bd58bf2d) Importer(815301076,1909f56bfc062723c751e8b465ee728b)
Start importing Assets/Scripts/MainMenu.cs using Guid(2325c0e079914b54ca78ad79bd58bf2d) Importer(815301076,1909f56bfc062723c751e8b465ee728b)  -> (artifact id: '1db463d0f202f5990ac404c3e202d8a4') in 0.005157 seconds 
========================================================================
Received Import Request.
  Time since last request: 0.758328 seconds.
  path: Assets/Scripts/Path.cs
  artifactKey: Guid(09cfaf2824ac25548887f49fdd1e490d) Importer(815301076,1909f56bfc062723c751e8b465ee728b)
Start importing Assets/Scripts/Path.cs using Guid(09cfaf2824ac25548887f49fdd1e490d) Importer(815301076,1909f56bfc062723c751e8b465ee728b)  -> (artifact id: '43782b83d4df42c3cc8f256052819421') in 0.006469 seconds 
========================================================================
Received Import Request.
  Time since last request: 0.433809 seconds.
  path: Assets/Scripts/RemoveParentAtStart.cs
  artifactKey: Guid(9073988c48205af4db15c524c6f1cc64) Importer(815301076,1909f56bfc062723c751e8b465ee728b)
Start importing Assets/Scripts/RemoveParentAtStart.cs using Guid(9073988c48205af4db15c524c6f1cc64) Importer(815301076,1909f56bfc062723c751e8b465ee728b)  -> (artifact id: 'bdda1875f0b3c7b6923c55a2891da79e') in 0.005069 seconds 
========================================================================
Received Import Request.
  Time since last request: 0.388501 seconds.
  path: Assets/Scripts/SimpleEnemySpawner.cs
  artifactKey: Guid(f62b9be53494af844a0230cf9841c7a7) Importer(815301076,1909f56bfc062723c751e8b465ee728b)
Start importing Assets/Scripts/SimpleEnemySpawner.cs using Guid(f62b9be53494af844a0230cf9841c7a7) Importer(815301076,1909f56bfc062723c751e8b465ee728b)  -> (artifact id: 'b220cf17e26ef9affff9c473d39611fa') in 0.005810 seconds 
========================================================================
Received Import Request.
  Time since last request: 0.876782 seconds.
  path: Assets/Scripts/SimpleRotate.cs
  artifactKey: Guid(29397a1a4982cc341bbf13b74d0c9477) Importer(815301076,1909f56bfc062723c751e8b465ee728b)
Start importing Assets/Scripts/SimpleRotate.cs using Guid(29397a1a4982cc341bbf13b74d0c9477) Importer(815301076,1909f56bfc062723c751e8b465ee728b)  -> (artifact id: 'e757c2198f23f6dff8e19b90a71107f5') in 0.005198 seconds 
========================================================================
Received Import Request.
  Time since last request: 0.434177 seconds.
  path: Assets/Scripts/TowerManager.cs
  artifactKey: Guid(1c95470a441209c47a71e763196ebe6d) Importer(815301076,1909f56bfc062723c751e8b465ee728b)
Start importing Assets/Scripts/TowerManager.cs using Guid(1c95470a441209c47a71e763196ebe6d) Importer(815301076,1909f56bfc062723c751e8b465ee728b)  -> (artifact id: '5d170def57928936f7de3c7d261a5f66') in 0.005445 seconds 
========================================================================
Received Import Request.
  Time since last request: 9.460389 seconds.
  path: Assets/Scripts/UIController.cs
  artifactKey: Guid(91bb67e68e3147c49ab9348412c51048) Importer(815301076,1909f56bfc062723c751e8b465ee728b)
Start importing Assets/Scripts/UIController.cs using Guid(91bb67e68e3147c49ab9348412c51048) Importer(815301076,1909f56bfc062723c751e8b465ee728b)  -> (artifact id: '4c1eadf8c3f3b3afd3f47665c30a3543') in 0.006033 seconds 
