Using pre-set license
Built from '2021.2/staging' branch; Version is '2021.2.17f1 (efb8f635e7b1) revision 15710454'; Using compiler version '192829333'; Build Type 'Release'
OS: 'Windows 10  (10.0.19043) 64bit Professional' Language: 'en' Physical Memory: 16348 MB
BatchMode: 1, IsHumanControllingUs: 0, StartBugReporterOnCrash: 0, Is64bit: 1, IsPro: 1

COMMAND LINE ARGUMENTS:
D:\Unity\Editor\2021.2.17f1\Editor\Unity.exe
-adb2
-batchMode
-noUpm
-name
AssetImportWorker1
-projectPath
D:/Udemy/Tower Defence/_Active/Udemy Tower Defence
-logFile
Logs/AssetImportWorker1.log
-srvPort
52635
Successfully changed project path to: D:/Udemy/Tower Defence/_Active/Udemy Tower Defence
D:/Udemy/Tower Defence/_Active/Udemy Tower Defence
[UnityMemory] Configuration Parameters - Can be set up in boot.config
    "memorysetup-bucket-allocator-granularity=16"
    "memorysetup-bucket-allocator-bucket-count=8"
    "memorysetup-bucket-allocator-block-size=33554432"
    "memorysetup-bucket-allocator-block-count=8"
    "memorysetup-main-allocator-block-size=16777216"
    "memorysetup-thread-allocator-block-size=16777216"
    "memorysetup-gfx-main-allocator-block-size=16777216"
    "memorysetup-gfx-thread-allocator-block-size=16777216"
    "memorysetup-cache-allocator-block-size=4194304"
    "memorysetup-typetree-allocator-block-size=2097152"
    "memorysetup-profiler-bucket-allocator-granularity=16"
    "memorysetup-profiler-bucket-allocator-bucket-count=8"
    "memorysetup-profiler-bucket-allocator-block-size=33554432"
    "memorysetup-profiler-bucket-allocator-block-count=8"
    "memorysetup-profiler-allocator-block-size=16777216"
    "memorysetup-profiler-editor-allocator-block-size=1048576"
    "memorysetup-temp-allocator-size-main=16777216"
    "memorysetup-job-temp-allocator-block-size=2097152"
    "memorysetup-job-temp-allocator-block-size-background=1048576"
    "memorysetup-job-temp-allocator-reduction-small-platforms=262144"
    "memorysetup-temp-allocator-size-background-worker=32768"
    "memorysetup-temp-allocator-size-job-worker=262144"
    "memorysetup-temp-allocator-size-preload-manager=33554432"
    "memorysetup-temp-allocator-size-nav-mesh-worker=65536"
    "memorysetup-temp-allocator-size-audio-worker=65536"
    "memorysetup-temp-allocator-size-cloud-worker=32768"
    "memorysetup-temp-allocator-size-gi-baking-worker=262144"
    "memorysetup-temp-allocator-size-gfx=262144"
Refreshing native plugins compatible for Editor in 147.31 ms, found 2 plugins.
Preloading 0 native plugins for Editor in 0.00 ms.
Initialize engine version: 2021.2.17f1 (efb8f635e7b1)
[Subsystems] Discovering subsystems at path D:/Unity/Editor/2021.2.17f1/Editor/Data/Resources/UnitySubsystems
[Subsystems] Discovering subsystems at path D:/Udemy/Tower Defence/_Active/Udemy Tower Defence/Assets
GfxDevice: creating device client; threaded=0; jobified=0
Direct3D:
    Version:  Direct3D 11.0 [level 11.1]
    Renderer: NVIDIA GeForce GTX 1070 (ID=0x1b81)
    Vendor:   NVIDIA
    VRAM:     8088 MB
    Driver:   30.0.15.1179
Initialize mono
Mono path[0] = 'D:/Unity/Editor/2021.2.17f1/Editor/Data/Managed'
Mono path[1] = 'D:/Unity/Editor/2021.2.17f1/Editor/Data/MonoBleedingEdge/lib/mono/unityjit-win32'
Mono config path = 'D:/Unity/Editor/2021.2.17f1/Editor/Data/MonoBleedingEdge/etc'
Using monoOptions --debugger-agent=transport=dt_socket,embedding=1,server=y,suspend=n,address=127.0.0.1:56304
Begin MonoManager ReloadAssembly
Registering precompiled unity dll's ...
Register platform support module: D:/Unity/Editor/2021.2.17f1/Editor/Data/PlaybackEngines/WebGLSupport/UnityEditor.WebGL.Extensions.dll
Register platform support module: D:/Unity/Editor/2021.2.17f1/Editor/Data/PlaybackEngines/WindowsStandaloneSupport/UnityEditor.WindowsStandalone.Extensions.dll
Registered in 0.004144 seconds.
Native extension for WindowsStandalone target not found
Native extension for WebGL target not found
Refreshing native plugins compatible for Editor in 43.66 ms, found 2 plugins.
Preloading 0 native plugins for Editor in 0.00 ms.
Mono: successfully reloaded assembly
- Completed reload, in  1.055 seconds
Domain Reload Profiling:
	ReloadAssembly (1056ms)
		BeginReloadAssembly (147ms)
			ExecutionOrderSort (0ms)
			DisableScriptedObjects (0ms)
			BackupInstance (0ms)
			ReleaseScriptingObjects (0ms)
			CreateAndSetChildDomain (1ms)
		EndReloadAssembly (747ms)
			LoadAssemblies (147ms)
			RebuildTransferFunctionScriptingTraits (0ms)
			SetupTypeCache (179ms)
			ReleaseScriptCaches (0ms)
			RebuildScriptCaches (46ms)
			SetupLoadedEditorAssemblies (442ms)
				LogAssemblyErrors (0ms)
				InitializePlatformSupportModulesInManaged (23ms)
				SetLoadedEditorAssemblies (0ms)
				RefreshPlugins (44ms)
				BeforeProcessingInitializeOnLoad (2ms)
				ProcessInitializeOnLoadAttributes (273ms)
				ProcessInitializeOnLoadMethodAttributes (98ms)
				AfterProcessingInitializeOnLoad (1ms)
				EditorAssembliesLoaded (0ms)
			ExecutionOrderSort2 (0ms)
			AwakeInstancesAfterBackupRestoration (0ms)
Platform modules already initialized, skipping
Registering precompiled user dll's ...
Registered in 0.013113 seconds.
Begin MonoManager ReloadAssembly
Native extension for WindowsStandalone target not found
Native extension for WebGL target not found
Refreshing native plugins compatible for Editor in 0.47 ms, found 2 plugins.
Preloading 0 native plugins for Editor in 0.00 ms.
Mono: successfully reloaded assembly
- Completed reload, in  1.764 seconds
Domain Reload Profiling:
	ReloadAssembly (1765ms)
		BeginReloadAssembly (293ms)
			ExecutionOrderSort (0ms)
			DisableScriptedObjects (8ms)
			BackupInstance (0ms)
			ReleaseScriptingObjects (0ms)
			CreateAndSetChildDomain (48ms)
		EndReloadAssembly (1293ms)
			LoadAssemblies (221ms)
			RebuildTransferFunctionScriptingTraits (0ms)
			SetupTypeCache (429ms)
			ReleaseScriptCaches (0ms)
			RebuildScriptCaches (68ms)
			SetupLoadedEditorAssemblies (589ms)
				LogAssemblyErrors (0ms)
				InitializePlatformSupportModulesInManaged (11ms)
				SetLoadedEditorAssemblies (1ms)
				RefreshPlugins (1ms)
				BeforeProcessingInitializeOnLoad (87ms)
				ProcessInitializeOnLoadAttributes (436ms)
				ProcessInitializeOnLoadMethodAttributes (49ms)
				AfterProcessingInitializeOnLoad (4ms)
				EditorAssembliesLoaded (0ms)
			ExecutionOrderSort2 (0ms)
			AwakeInstancesAfterBackupRestoration (11ms)
Platform modules already initialized, skipping
========================================================================
Worker process is ready to serve import requests
Launched and connected shader compiler UnityShaderCompiler.exe after 1.26 seconds
Refreshing native plugins compatible for Editor in 0.28 ms, found 2 plugins.
Preloading 0 native plugins for Editor in 0.00 ms.
Unloading 1380 Unused Serialized files (Serialized files now loaded: 0)
Unloading 19 unused Assets / (112.2 KB). Loaded Objects now: 1846.
Memory consumption went from 67.3 MB to 67.2 MB.
Total: 2.506900 ms (FindLiveObjects: 0.193400 ms CreateObjectMapping: 0.119600 ms MarkObjects: 2.108100 ms  DeleteObjects: 0.084900 ms)

AssetImportParameters requested are different than current active one (requested -> active):
  custom:video-decoder-ogg-theora: a1e56fd34408186e4bbccfd4996cb3dc -> 
  custom:container-muxer-webm: aa71ff27fc2769a1b78a27578f13a17b -> 
  custom:container-demuxer-webm: 4f35f7cbe854078d1ac9338744f61a02 -> 
  custom:video-encoder-webm-vp8: eb34c28f22e8b96e1ab97ce403110664 -> 
  custom:video-codec-MediaFoundation-h265: 746d11721c4dcdbdad8f713fa42b33f4 -> 
  custom:audio-encoder-webm-vorbis: bf7c407c2cedff20999df2af8eb42d56 -> 
  custom:framework-win-MediaFoundation: 216162199b28c13a410421893ffa2e32 -> 
  custom:container-demuxer-ogg: 62fdf1f143b41e24485cea50d1cbac27 -> 
  custom:video-decoder-webm-vp8: 9c59270c3fd7afecdb556c50c9e8de78 -> 
  custom:audio-decoder-ogg-vorbis: bf7c407c2cedff20999df2af8eb42d56 -> 
========================================================================
Received Import Request.
  Time since last request: 935083.994832 seconds.
  path: Assets/Scenes/Test 2.unity
  artifactKey: Guid(bbe47312bb869cd4c9d40b773cea20c3) Importer(815301076,1909f56bfc062723c751e8b465ee728b)
Start importing Assets/Scenes/Test 2.unity using Guid(bbe47312bb869cd4c9d40b773cea20c3) Importer(815301076,1909f56bfc062723c751e8b465ee728b)  -> (artifact id: '73c75e17c0cfa79d7faf238390db41f0') in 0.028868 seconds 
========================================================================
Received Import Request.
  Time since last request: 14.027246 seconds.
  path: Assets/Scenes/Main Menu.unity
  artifactKey: Guid(fadc48f67f48ba84abbb678b7b050276) Importer(815301076,1909f56bfc062723c751e8b465ee728b)
Start importing Assets/Scenes/Main Menu.unity using Guid(fadc48f67f48ba84abbb678b7b050276) Importer(815301076,1909f56bfc062723c751e8b465ee728b)  -> (artifact id: '86ea0efb9ec0892d09b0612888fa78c9') in 0.010579 seconds 
========================================================================
Received Import Request.
  Time since last request: 7.804797 seconds.
  path: Assets/Prefabs/Audio Manager.prefab
  artifactKey: Guid(b1760d6c49197474eb852e241114d83f) Importer(815301076,1909f56bfc062723c751e8b465ee728b)
Start importing Assets/Prefabs/Audio Manager.prefab using Guid(b1760d6c49197474eb852e241114d83f) Importer(815301076,1909f56bfc062723c751e8b465ee728b)  -> (artifact id: '4e8f27bcb480e57cb0b039c34192d9e2') in 0.103828 seconds 
========================================================================
Received Import Request.
  Time since last request: 55.945526 seconds.
  path: Assets/Scripts/EnemyWaveSpawner.cs
  artifactKey: Guid(8220bbcb11f823a4b85d36b547fcc5c9) Importer(815301076,1909f56bfc062723c751e8b465ee728b)
Start importing Assets/Scripts/EnemyWaveSpawner.cs using Guid(8220bbcb11f823a4b85d36b547fcc5c9) Importer(815301076,1909f56bfc062723c751e8b465ee728b)  -> (artifact id: '4062b1239e430c8cb8db2b47eae71f1f') in 0.023863 seconds 
========================================================================
Received Import Request.
  Time since last request: 8.039447 seconds.
  path: Assets/Scripts/AudioManagerLoader.cs
  artifactKey: Guid(96e61b0412978a548a623d996dc7fafb) Importer(815301076,1909f56bfc062723c751e8b465ee728b)
Start importing Assets/Scripts/AudioManagerLoader.cs using Guid(96e61b0412978a548a623d996dc7fafb) Importer(815301076,1909f56bfc062723c751e8b465ee728b)  -> (artifact id: 'eb836169df5ae0c72ac82a52605dae46') in 0.010339 seconds 
========================================================================
Received Prepare
Registering precompiled user dll's ...
Registered in 0.003666 seconds.
Begin MonoManager ReloadAssembly
Native extension for WindowsStandalone target not found
Native extension for WebGL target not found
Refreshing native plugins compatible for Editor in 0.34 ms, found 2 plugins.
Preloading 0 native plugins for Editor in 0.00 ms.
Mono: successfully reloaded assembly
- Completed reload, in  1.175 seconds
Domain Reload Profiling:
	ReloadAssembly (1176ms)
		BeginReloadAssembly (215ms)
			ExecutionOrderSort (0ms)
			DisableScriptedObjects (9ms)
			BackupInstance (0ms)
			ReleaseScriptingObjects (0ms)
			CreateAndSetChildDomain (34ms)
		EndReloadAssembly (856ms)
			LoadAssemblies (138ms)
			RebuildTransferFunctionScriptingTraits (0ms)
			SetupTypeCache (273ms)
			ReleaseScriptCaches (8ms)
			RebuildScriptCaches (67ms)
			SetupLoadedEditorAssemblies (341ms)
				LogAssemblyErrors (0ms)
				InitializePlatformSupportModulesInManaged (12ms)
				SetLoadedEditorAssemblies (1ms)
				RefreshPlugins (0ms)
				BeforeProcessingInitializeOnLoad (47ms)
				ProcessInitializeOnLoadAttributes (250ms)
				ProcessInitializeOnLoadMethodAttributes (27ms)
				AfterProcessingInitializeOnLoad (3ms)
				EditorAssembliesLoaded (0ms)
			ExecutionOrderSort2 (0ms)
			AwakeInstancesAfterBackupRestoration (9ms)
Platform modules already initialized, skipping
Refreshing native plugins compatible for Editor in 1.59 ms, found 2 plugins.
Preloading 0 native plugins for Editor in 0.00 ms.
Unloading 1363 Unused Serialized files (Serialized files now loaded: 0)
Unloading 12 unused Assets / (79.2 KB). Loaded Objects now: 1850.
Memory consumption went from 65.9 MB to 65.9 MB.
Total: 2.031100 ms (FindLiveObjects: 0.108800 ms CreateObjectMapping: 0.039200 ms MarkObjects: 1.820800 ms  DeleteObjects: 0.061200 ms)

AssetImportParameters requested are different than current active one (requested -> active):
  custom:video-decoder-ogg-theora: a1e56fd34408186e4bbccfd4996cb3dc -> 
  custom:container-muxer-webm: aa71ff27fc2769a1b78a27578f13a17b -> 
  custom:container-demuxer-webm: 4f35f7cbe854078d1ac9338744f61a02 -> 
  custom:video-encoder-webm-vp8: eb34c28f22e8b96e1ab97ce403110664 -> 
  custom:video-codec-MediaFoundation-h265: 746d11721c4dcdbdad8f713fa42b33f4 -> 
  custom:audio-encoder-webm-vorbis: bf7c407c2cedff20999df2af8eb42d56 -> 
  custom:framework-win-MediaFoundation: 216162199b28c13a410421893ffa2e32 -> 
  custom:container-demuxer-ogg: 62fdf1f143b41e24485cea50d1cbac27 -> 
  custom:video-decoder-webm-vp8: 9c59270c3fd7afecdb556c50c9e8de78 -> 
  custom:audio-decoder-ogg-vorbis: bf7c407c2cedff20999df2af8eb42d56 -> 
========================================================================
Received Prepare
Registering precompiled user dll's ...
Registered in 0.005414 seconds.
Begin MonoManager ReloadAssembly
Native extension for WindowsStandalone target not found
Native extension for WebGL target not found
Refreshing native plugins compatible for Editor in 0.29 ms, found 2 plugins.
Preloading 0 native plugins for Editor in 0.00 ms.
Mono: successfully reloaded assembly
- Completed reload, in  1.109 seconds
Domain Reload Profiling:
	ReloadAssembly (1109ms)
		BeginReloadAssembly (178ms)
			ExecutionOrderSort (0ms)
			DisableScriptedObjects (6ms)
			BackupInstance (0ms)
			ReleaseScriptingObjects (0ms)
			CreateAndSetChildDomain (33ms)
		EndReloadAssembly (815ms)
			LoadAssemblies (127ms)
			RebuildTransferFunctionScriptingTraits (0ms)
			SetupTypeCache (249ms)
			ReleaseScriptCaches (1ms)
			RebuildScriptCaches (60ms)
			SetupLoadedEditorAssemblies (315ms)
				LogAssemblyErrors (0ms)
				InitializePlatformSupportModulesInManaged (13ms)
				SetLoadedEditorAssemblies (1ms)
				RefreshPlugins (0ms)
				BeforeProcessingInitializeOnLoad (45ms)
				ProcessInitializeOnLoadAttributes (229ms)
				ProcessInitializeOnLoadMethodAttributes (24ms)
				AfterProcessingInitializeOnLoad (3ms)
				EditorAssembliesLoaded (0ms)
			ExecutionOrderSort2 (0ms)
			AwakeInstancesAfterBackupRestoration (7ms)
Platform modules already initialized, skipping
Refreshing native plugins compatible for Editor in 1.12 ms, found 2 plugins.
Preloading 0 native plugins for Editor in 0.00 ms.
Unloading 1363 Unused Serialized files (Serialized files now loaded: 0)
Unloading 12 unused Assets / (79.0 KB). Loaded Objects now: 1853.
Memory consumption went from 65.9 MB to 65.9 MB.
Total: 2.459500 ms (FindLiveObjects: 0.113200 ms CreateObjectMapping: 0.039900 ms MarkObjects: 2.236100 ms  DeleteObjects: 0.069200 ms)

AssetImportParameters requested are different than current active one (requested -> active):
  custom:video-decoder-ogg-theora: a1e56fd34408186e4bbccfd4996cb3dc -> 
  custom:container-muxer-webm: aa71ff27fc2769a1b78a27578f13a17b -> 
  custom:container-demuxer-webm: 4f35f7cbe854078d1ac9338744f61a02 -> 
  custom:video-encoder-webm-vp8: eb34c28f22e8b96e1ab97ce403110664 -> 
  custom:video-codec-MediaFoundation-h265: 746d11721c4dcdbdad8f713fa42b33f4 -> 
  custom:audio-encoder-webm-vorbis: bf7c407c2cedff20999df2af8eb42d56 -> 
  custom:framework-win-MediaFoundation: 216162199b28c13a410421893ffa2e32 -> 
  custom:container-demuxer-ogg: 62fdf1f143b41e24485cea50d1cbac27 -> 
  custom:video-decoder-webm-vp8: 9c59270c3fd7afecdb556c50c9e8de78 -> 
  custom:audio-decoder-ogg-vorbis: bf7c407c2cedff20999df2af8eb42d56 -> 
========================================================================
Received Import Request.
  Time since last request: 255.499552 seconds.
  path: Assets/Prefabs/Audio Manager Loader.prefab
  artifactKey: Guid(5ff0f6a747b001c43a92bcd3c75124a4) Importer(815301076,1909f56bfc062723c751e8b465ee728b)
Start importing Assets/Prefabs/Audio Manager Loader.prefab using Guid(5ff0f6a747b001c43a92bcd3c75124a4) Importer(815301076,1909f56bfc062723c751e8b465ee728b)  -> (artifact id: '68c53623ac0608c7619816dd0c446e8e') in 0.081525 seconds 
========================================================================
Received Import Request.
  Time since last request: 8.643942 seconds.
  path: Assets/Scenes/Test 3.unity
  artifactKey: Guid(b395f5744362a544fb4ac5b1e6108dd7) Importer(815301076,1909f56bfc062723c751e8b465ee728b)
Start importing Assets/Scenes/Test 3.unity using Guid(b395f5744362a544fb4ac5b1e6108dd7) Importer(815301076,1909f56bfc062723c751e8b465ee728b)  -> (artifact id: '78bde436dd9317feb9c30253b5407a13') in 0.008115 seconds 
========================================================================
Received Import Request.
  Time since last request: 6.388170 seconds.
  path: Assets/Scenes/Test 4.unity
  artifactKey: Guid(f6f42c065f7500444bcadb1bc6d2a39b) Importer(815301076,1909f56bfc062723c751e8b465ee728b)
Start importing Assets/Scenes/Test 4.unity using Guid(f6f42c065f7500444bcadb1bc6d2a39b) Importer(815301076,1909f56bfc062723c751e8b465ee728b)  -> (artifact id: '0db00398cbe4127556efba061e2cc691') in 0.006615 seconds 
========================================================================
Received Import Request.
  Time since last request: 3.924277 seconds.
  path: Assets/Scenes/Test 5.unity
  artifactKey: Guid(48cae3da89d139644a383fe3622257a6) Importer(815301076,1909f56bfc062723c751e8b465ee728b)
Start importing Assets/Scenes/Test 5.unity using Guid(48cae3da89d139644a383fe3622257a6) Importer(815301076,1909f56bfc062723c751e8b465ee728b)  -> (artifact id: '2abdf09175f4b8db476a846e4a108687') in 0.011600 seconds 
========================================================================
Received Import Request.
  Time since last request: 73.874443 seconds.
  path: Assets/Scenes/Main Menu.unity
  artifactKey: Guid(fadc48f67f48ba84abbb678b7b050276) Importer(815301076,1909f56bfc062723c751e8b465ee728b)
Start importing Assets/Scenes/Main Menu.unity using Guid(fadc48f67f48ba84abbb678b7b050276) Importer(815301076,1909f56bfc062723c751e8b465ee728b)  -> (artifact id: 'ead2bb4c83173162cf6fae228d391787') in 0.003803 seconds 
========================================================================
Received Import Request.
  Time since last request: 38.771380 seconds.
  path: Assets/Scenes/Level Select.unity
  artifactKey: Guid(b2ba933cd947ac5498f0d88cfa234678) Importer(815301076,1909f56bfc062723c751e8b465ee728b)
Start importing Assets/Scenes/Level Select.unity using Guid(b2ba933cd947ac5498f0d88cfa234678) Importer(815301076,1909f56bfc062723c751e8b465ee728b)  -> (artifact id: '9b1186cc098fd0c65f6fb07438ec0116') in 0.026358 seconds 
========================================================================
Received Import Request.
  Time since last request: 100.990233 seconds.
  path: Assets/_Udemy Tower Defence Assets/Models/Quaternius - Cute Animated Monsters/Textures/Alien_Tall_Texture.png
  artifactKey: Guid(9aab5dc2edc00844fb6c99e09f617332) Importer(815301076,1909f56bfc062723c751e8b465ee728b)
Start importing Assets/_Udemy Tower Defence Assets/Models/Quaternius - Cute Animated Monsters/Textures/Alien_Tall_Texture.png using Guid(9aab5dc2edc00844fb6c99e09f617332) Importer(815301076,1909f56bfc062723c751e8b465ee728b)  -> (artifact id: '00373c40617a3bee9fbfd0f4d6354c42') in 0.136493 seconds 
========================================================================
Received Import Request.
  Time since last request: 0.000022 seconds.
  path: Assets/_Udemy Tower Defence Assets/Models/Quaternius - Cute Animated Monsters/Textures/Deer_Texture.png
  artifactKey: Guid(a28f6d4ffc449a84fbe41975862186f1) Importer(815301076,1909f56bfc062723c751e8b465ee728b)
Start importing Assets/_Udemy Tower Defence Assets/Models/Quaternius - Cute Animated Monsters/Textures/Deer_Texture.png using Guid(a28f6d4ffc449a84fbe41975862186f1) Importer(815301076,1909f56bfc062723c751e8b465ee728b)  -> (artifact id: '303db9719195f87e9d79fab36dbd36b5') in 0.089147 seconds 
========================================================================
Received Import Request.
  Time since last request: 0.000017 seconds.
  path: Assets/_Udemy Tower Defence Assets/Models/Quaternius - Cute Animated Monsters/Textures/Cactus_Texture.png
  artifactKey: Guid(478d3baa87d78044f8b0285d166c2be6) Importer(815301076,1909f56bfc062723c751e8b465ee728b)
Start importing Assets/_Udemy Tower Defence Assets/Models/Quaternius - Cute Animated Monsters/Textures/Cactus_Texture.png using Guid(478d3baa87d78044f8b0285d166c2be6) Importer(815301076,1909f56bfc062723c751e8b465ee728b)  -> (artifact id: '4c55e3dff8d843828a3ee592600538c0') in 0.073827 seconds 
========================================================================
Received Import Request.
  Time since last request: 0.000026 seconds.
  path: Assets/TextMesh Pro/Resources/Fonts & Materials/LiberationSans SDF - Title.asset
  artifactKey: Guid(5f7f8e12b4e4b934bba220968881027e) Importer(815301076,1909f56bfc062723c751e8b465ee728b)
Start importing Assets/TextMesh Pro/Resources/Fonts & Materials/LiberationSans SDF - Title.asset using Guid(5f7f8e12b4e4b934bba220968881027e) Importer(815301076,1909f56bfc062723c751e8b465ee728b)  -> (artifact id: '84dc648e6a937d962c8c9c7e4253de36') in 1.085157 seconds 
========================================================================
Received Import Request.
  Time since last request: 0.000017 seconds.
  path: Assets/_Udemy Tower Defence Assets/Models/Quaternius - Cute Animated Monsters/Textures/GreenDemon_Texture.png
  artifactKey: Guid(94d5cb9230e03154ab764c61bdcc166c) Importer(815301076,1909f56bfc062723c751e8b465ee728b)
Start importing Assets/_Udemy Tower Defence Assets/Models/Quaternius - Cute Animated Monsters/Textures/GreenDemon_Texture.png using Guid(94d5cb9230e03154ab764c61bdcc166c) Importer(815301076,1909f56bfc062723c751e8b465ee728b)  -> (artifact id: '6c0a728e062586d2f2e97bf4f7cfcb9c') in 0.069738 seconds 
========================================================================
Received Import Request.
  Time since last request: 0.000021 seconds.
  path: Assets/_Udemy Tower Defence Assets/Models/Quaternius - Cute Animated Monsters/Textures/Yeti_Texture.png
  artifactKey: Guid(5384ed9d7ccabb040b4f86bc13f0a1ca) Importer(815301076,1909f56bfc062723c751e8b465ee728b)
Start importing Assets/_Udemy Tower Defence Assets/Models/Quaternius - Cute Animated Monsters/Textures/Yeti_Texture.png using Guid(5384ed9d7ccabb040b4f86bc13f0a1ca) Importer(815301076,1909f56bfc062723c751e8b465ee728b)  -> (artifact id: '7413e45c7625ae61619c36a5fad58296') in 0.020577 seconds 
========================================================================
Received Import Request.
  Time since last request: 0.000020 seconds.
  path: Assets/_Udemy Tower Defence Assets/Models/Quaternius - Cute Animated Monsters/Textures/Chicken_Texture.png
  artifactKey: Guid(a97304894e8936f458b34cbf09946867) Importer(815301076,1909f56bfc062723c751e8b465ee728b)
Start importing Assets/_Udemy Tower Defence Assets/Models/Quaternius - Cute Animated Monsters/Textures/Chicken_Texture.png using Guid(a97304894e8936f458b34cbf09946867) Importer(815301076,1909f56bfc062723c751e8b465ee728b)  -> (artifact id: 'c9281df915806b7d7890e2f3ebee32f1') in 0.026180 seconds 
========================================================================
Received Import Request.
  Time since last request: 0.000052 seconds.
  path: Assets/_Udemy Tower Defence Assets/Models/Quaternius - Cute Animated Monsters/Textures/Tree_Texture.png
  artifactKey: Guid(c91956b224d7d2a47ae74da6353db70f) Importer(815301076,1909f56bfc062723c751e8b465ee728b)
Start importing Assets/_Udemy Tower Defence Assets/Models/Quaternius - Cute Animated Monsters/Textures/Tree_Texture.png using Guid(c91956b224d7d2a47ae74da6353db70f) Importer(815301076,1909f56bfc062723c751e8b465ee728b)  -> (artifact id: 'fbcd60b73dceb4141873e99a493ae3f7') in 0.035675 seconds 
========================================================================
Received Import Request.
  Time since last request: 0.000015 seconds.
  path: Assets/_Udemy Tower Defence Assets/Models/Quaternius - Cute Animated Monsters/Textures/Penguin_Texture.png
  artifactKey: Guid(f2fbe15e2222c194f9d180cb3241cd2b) Importer(815301076,1909f56bfc062723c751e8b465ee728b)
Start importing Assets/_Udemy Tower Defence Assets/Models/Quaternius - Cute Animated Monsters/Textures/Penguin_Texture.png using Guid(f2fbe15e2222c194f9d180cb3241cd2b) Importer(815301076,1909f56bfc062723c751e8b465ee728b)  -> (artifact id: '0a8fb761f85f9dd62321512dd5ea9bdd') in 0.079660 seconds 
========================================================================
Received Import Request.
  Time since last request: 0.000019 seconds.
  path: Assets/_Udemy Tower Defence Assets/Models/Quaternius - Cute Animated Monsters/Textures/Bee_Texture.png
  artifactKey: Guid(68dd26a0dd03563499e539f8604bf260) Importer(815301076,1909f56bfc062723c751e8b465ee728b)
Start importing Assets/_Udemy Tower Defence Assets/Models/Quaternius - Cute Animated Monsters/Textures/Bee_Texture.png using Guid(68dd26a0dd03563499e539f8604bf260) Importer(815301076,1909f56bfc062723c751e8b465ee728b)  -> (artifact id: '4f4a7104a5598544469ec5b9f192eecf') in 0.051057 seconds 
========================================================================
Received Import Request.
  Time since last request: 0.000030 seconds.
  path: Assets/_Udemy Tower Defence Assets/Models/Quaternius - Cute Animated Monsters/Textures/Panda_Texture.png
  artifactKey: Guid(f917ca4ea857cfe46b29e7643cefa2df) Importer(815301076,1909f56bfc062723c751e8b465ee728b)
Start importing Assets/_Udemy Tower Defence Assets/Models/Quaternius - Cute Animated Monsters/Textures/Panda_Texture.png using Guid(f917ca4ea857cfe46b29e7643cefa2df) Importer(815301076,1909f56bfc062723c751e8b465ee728b)  -> (artifact id: 'c419e47914b4517b42613dccd40181e2') in 0.038969 seconds 
========================================================================
Received Import Request.
  Time since last request: 0.000017 seconds.
  path: Assets/_Udemy Tower Defence Assets/Models/Quaternius - Cute Animated Monsters/Textures/Cthulhu_Texture.png
  artifactKey: Guid(d52a3076abed6574eb1887bb204b6b35) Importer(815301076,1909f56bfc062723c751e8b465ee728b)
Start importing Assets/_Udemy Tower Defence Assets/Models/Quaternius - Cute Animated Monsters/Textures/Cthulhu_Texture.png using Guid(d52a3076abed6574eb1887bb204b6b35) Importer(815301076,1909f56bfc062723c751e8b465ee728b)  -> (artifact id: '41e2260ae9a929383ea8e10ed0a52dfe') in 0.019370 seconds 
========================================================================
Received Import Request.
  Time since last request: 0.000016 seconds.
  path: Assets/TextMesh Pro/Sprites/EmojiOne.png
  artifactKey: Guid(dffef66376be4fa480fb02b19edbe903) Importer(815301076,1909f56bfc062723c751e8b465ee728b)
Start importing Assets/TextMesh Pro/Sprites/EmojiOne.png using Guid(dffef66376be4fa480fb02b19edbe903) Importer(815301076,1909f56bfc062723c751e8b465ee728b)  -> (artifact id: '3fa7e35e7708e32617ab4555a5c07f27') in 0.085019 seconds 
========================================================================
Received Import Request.
  Time since last request: 0.000015 seconds.
  path: Assets/TextMesh Pro/Resources/Fonts & Materials/LiberationSans SDF - UI Outline.asset
  artifactKey: Guid(cdce18a9440e87e4eb19edfed28ebfa4) Importer(815301076,1909f56bfc062723c751e8b465ee728b)
Start importing Assets/TextMesh Pro/Resources/Fonts & Materials/LiberationSans SDF - UI Outline.asset using Guid(cdce18a9440e87e4eb19edfed28ebfa4) Importer(815301076,1909f56bfc062723c751e8b465ee728b)  -> (artifact id: '1270f5735d3103a3ef3c66034b42b429') in 0.139380 seconds 
========================================================================
Received Import Request.
  Time since last request: 0.000025 seconds.
  path: Assets/_Udemy Tower Defence Assets/Models/Quaternius - Cute Animated Monsters/Textures/Pig_Texture.png
  artifactKey: Guid(2f2d7e245eb590f4aab6d997ebef7048) Importer(815301076,1909f56bfc062723c751e8b465ee728b)
Start importing Assets/_Udemy Tower Defence Assets/Models/Quaternius - Cute Animated Monsters/Textures/Pig_Texture.png using Guid(2f2d7e245eb590f4aab6d997ebef7048) Importer(815301076,1909f56bfc062723c751e8b465ee728b)  -> (artifact id: '6b9309beaeb201b11cb843c2fe1cf957') in 0.020604 seconds 
========================================================================
Received Import Request.
  Time since last request: 0.000021 seconds.
  path: Assets/_Udemy Tower Defence Assets/Models/Quaternius - Cute Animated Monsters/Textures/Cyclops_Texture.png
  artifactKey: Guid(2b53808a7d8dea3498ba7e186dc5ec6a) Importer(815301076,1909f56bfc062723c751e8b465ee728b)
Start importing Assets/_Udemy Tower Defence Assets/Models/Quaternius - Cute Animated Monsters/Textures/Cyclops_Texture.png using Guid(2b53808a7d8dea3498ba7e186dc5ec6a) Importer(815301076,1909f56bfc062723c751e8b465ee728b)  -> (artifact id: 'c320f69315381a487be2a1fca522d280') in 0.056674 seconds 
========================================================================
Received Import Request.
  Time since last request: 0.000019 seconds.
  path: Assets/_Udemy Tower Defence Assets/Models/Quaternius - Cute Animated Monsters/Textures/Ghost_Texture.png
  artifactKey: Guid(39a0c010b52b03b468fbdb4d051a691c) Importer(815301076,1909f56bfc062723c751e8b465ee728b)
Start importing Assets/_Udemy Tower Defence Assets/Models/Quaternius - Cute Animated Monsters/Textures/Ghost_Texture.png using Guid(39a0c010b52b03b468fbdb4d051a691c) Importer(815301076,1909f56bfc062723c751e8b465ee728b)  -> (artifact id: '7b2cd858efa933fd345dac59d4e63d8d') in 0.050123 seconds 
========================================================================
Received Import Request.
  Time since last request: 0.000016 seconds.
  path: Assets/TextMesh Pro/Resources/Fonts & Materials/LiberationSans SDF - Fallback.asset
  artifactKey: Guid(2e498d1c8094910479dc3e1b768306a4) Importer(815301076,1909f56bfc062723c751e8b465ee728b)
Start importing Assets/TextMesh Pro/Resources/Fonts & Materials/LiberationSans SDF - Fallback.asset using Guid(2e498d1c8094910479dc3e1b768306a4) Importer(815301076,1909f56bfc062723c751e8b465ee728b)  -> (artifact id: 'b165b2fd94449fd5247aaa0909a42376') in 0.070960 seconds 
========================================================================
Received Import Request.
  Time since last request: 0.000019 seconds.
  path: Assets/_Udemy Tower Defence Assets/Models/Quaternius - Cute Animated Monsters/Textures/Skull_Texture.png
  artifactKey: Guid(83547cdfd2db38547a8121d87ab0c6ef) Importer(815301076,1909f56bfc062723c751e8b465ee728b)
Start importing Assets/_Udemy Tower Defence Assets/Models/Quaternius - Cute Animated Monsters/Textures/Skull_Texture.png using Guid(83547cdfd2db38547a8121d87ab0c6ef) Importer(815301076,1909f56bfc062723c751e8b465ee728b)  -> (artifact id: 'b831df064af3f635eeb42e38575052c7') in 0.016166 seconds 
========================================================================
Received Import Request.
  Time since last request: 0.000275 seconds.
  path: Assets/_Udemy Tower Defence Assets/Models/Quaternius - Cute Animated Monsters/Textures/YellowDragon_Texture.png
  artifactKey: Guid(be71258927d0c3c49b7b4758665f6ee0) Importer(815301076,1909f56bfc062723c751e8b465ee728b)
Start importing Assets/_Udemy Tower Defence Assets/Models/Quaternius - Cute Animated Monsters/Textures/YellowDragon_Texture.png using Guid(be71258927d0c3c49b7b4758665f6ee0) Importer(815301076,1909f56bfc062723c751e8b465ee728b)  -> (artifact id: 'ce495438997cd8a0c904c29dab819a0f') in 0.073314 seconds 
========================================================================
Received Import Request.
  Time since last request: 0.000019 seconds.
  path: Assets/_Udemy Tower Defence Assets/Models/Quaternius - Cute Animated Monsters/Textures/Bat_Texture.png
  artifactKey: Guid(ff8ebe62af2785a4c836c55328011b24) Importer(815301076,1909f56bfc062723c751e8b465ee728b)
Start importing Assets/_Udemy Tower Defence Assets/Models/Quaternius - Cute Animated Monsters/Textures/Bat_Texture.png using Guid(ff8ebe62af2785a4c836c55328011b24) Importer(815301076,1909f56bfc062723c751e8b465ee728b)  -> (artifact id: 'ea7d2a8475fdf20f1372d645a075a584') in 0.021727 seconds 
========================================================================
Received Import Request.
  Time since last request: 0.000017 seconds.
  path: Assets/_Udemy Tower Defence Assets/Models/Quaternius - Cute Animated Monsters/Textures/Mushroom_Texture.png
  artifactKey: Guid(676c4e6cd6b14164d8ab8ef360f60772) Importer(815301076,1909f56bfc062723c751e8b465ee728b)
Start importing Assets/_Udemy Tower Defence Assets/Models/Quaternius - Cute Animated Monsters/Textures/Mushroom_Texture.png using Guid(676c4e6cd6b14164d8ab8ef360f60772) Importer(815301076,1909f56bfc062723c751e8b465ee728b)  -> (artifact id: 'a86a135ebced3ae6b95b7b5ec37ea531') in 0.034818 seconds 
========================================================================
Received Import Request.
  Time since last request: 0.000193 seconds.
  path: Assets/_Udemy Tower Defence Assets/Models/Quaternius - Cute Animated Monsters/Textures/Crab_Texture.png
  artifactKey: Guid(d8dbee57eaf75044697ba534f6be1160) Importer(815301076,1909f56bfc062723c751e8b465ee728b)
Start importing Assets/_Udemy Tower Defence Assets/Models/Quaternius - Cute Animated Monsters/Textures/Crab_Texture.png using Guid(d8dbee57eaf75044697ba534f6be1160) Importer(815301076,1909f56bfc062723c751e8b465ee728b)  -> (artifact id: '63b490ed365f146a8222282b8a897a96') in 0.024646 seconds 
========================================================================
Received Import Request.
  Time since last request: 0.000018 seconds.
  path: Assets/_Udemy Tower Defence Assets/Models/Quaternius - Cute Animated Monsters/Textures/Demon_Texture.png
  artifactKey: Guid(e7240f4c35411fa48b09f21a70e8a196) Importer(815301076,1909f56bfc062723c751e8b465ee728b)
Start importing Assets/_Udemy Tower Defence Assets/Models/Quaternius - Cute Animated Monsters/Textures/Demon_Texture.png using Guid(e7240f4c35411fa48b09f21a70e8a196) Importer(815301076,1909f56bfc062723c751e8b465ee728b)  -> (artifact id: '0dfedfb043da9461a299067a2ba93b3b') in 0.019970 seconds 
========================================================================
Received Import Request.
  Time since last request: 0.000037 seconds.
  path: Assets/TextMesh Pro/Resources/Fonts & Materials/LiberationSans SDF - UI Outline Black.asset
  artifactKey: Guid(6877fd2d6af150e44b21b7616321b0fa) Importer(815301076,1909f56bfc062723c751e8b465ee728b)
Start importing Assets/TextMesh Pro/Resources/Fonts & Materials/LiberationSans SDF - UI Outline Black.asset using Guid(6877fd2d6af150e44b21b7616321b0fa) Importer(815301076,1909f56bfc062723c751e8b465ee728b)  -> (artifact id: '20077ee4d543c5bc1bc6cf07c4e195d2') in 0.083189 seconds 
========================================================================
Received Import Request.
  Time since last request: 0.000015 seconds.
  path: Assets/_Udemy Tower Defence Assets/Models/Quaternius - Cute Animated Monsters/Textures/Alien_Texture.png
  artifactKey: Guid(39edf2559289ab8489a943265461d7d9) Importer(815301076,1909f56bfc062723c751e8b465ee728b)
Start importing Assets/_Udemy Tower Defence Assets/Models/Quaternius - Cute Animated Monsters/Textures/Alien_Texture.png using Guid(39edf2559289ab8489a943265461d7d9) Importer(815301076,1909f56bfc062723c751e8b465ee728b)  -> (artifact id: '4597a4c6ee13281f5870ce183332b690') in 0.016401 seconds 
========================================================================
Received Prepare
Refreshing native plugins compatible for Editor in 3.29 ms, found 2 plugins.
Preloading 0 native plugins for Editor in 0.00 ms.
Unloading 12 Unused Serialized files (Serialized files now loaded: 0)
Unloading 12 unused Assets / (76.4 KB). Loaded Objects now: 1897.
Memory consumption went from 43.5 MB to 43.5 MB.
Total: 3.004700 ms (FindLiveObjects: 0.107200 ms CreateObjectMapping: 0.039100 ms MarkObjects: 2.790700 ms  DeleteObjects: 0.067000 ms)

AssetImportParameters requested are different than current active one (requested -> active):
  custom:video-decoder-ogg-theora: a1e56fd34408186e4bbccfd4996cb3dc -> 
  custom:container-muxer-webm: aa71ff27fc2769a1b78a27578f13a17b -> 
  custom:container-demuxer-webm: 4f35f7cbe854078d1ac9338744f61a02 -> 
  custom:video-encoder-webm-vp8: eb34c28f22e8b96e1ab97ce403110664 -> 
  custom:video-codec-MediaFoundation-h265: 746d11721c4dcdbdad8f713fa42b33f4 -> 
  custom:audio-encoder-webm-vorbis: bf7c407c2cedff20999df2af8eb42d56 -> 
  custom:framework-win-MediaFoundation: 216162199b28c13a410421893ffa2e32 -> 
  custom:container-demuxer-ogg: 62fdf1f143b41e24485cea50d1cbac27 -> 
  custom:video-decoder-webm-vp8: 9c59270c3fd7afecdb556c50c9e8de78 -> 
  custom:audio-decoder-ogg-vorbis: bf7c407c2cedff20999df2af8eb42d56 -> 
